<?xml version="1.0" encoding="UTF-8"?>
<testng-results ignored="0" total="1" passed="1" failed="0" skipped="0">
  <reporter-output>
  </reporter-output>
  <suite started-at="2022-07-28T22:33:12 CST" name="TestNG" finished-at="2022-07-28T22:33:12 CST" duration-ms="51">
    <groups>
    </groups>
    <test started-at="2022-07-28T22:33:12 CST" name="case1" finished-at="2022-07-28T22:33:12 CST" duration-ms="51">
      <class name="testNG.Day6Parameterization">
        <test-method signature="Parameter(java.lang.String)[pri:0, instance:testNG.Day6Parameterization@778d1062]" started-at="2022-07-28T22:33:12 CST" name="Parameter" finished-at="2022-07-28T22:33:12 CST" duration-ms="13" status="PASS">
          <params>
            <param index="0">
              <value>
                <![CDATA[Bye]]>
              </value>
            </param>
          </params>
          <reporter-output>
          </reporter-output>
        </test-method> <!-- Parameter -->
      </class> <!-- testNG.Day6Parameterization -->
    </test> <!-- case1 -->
  </suite> <!-- TestNG -->
</testng-results>
